Build started 2015.04.28. 0:23:11.
     1>Project "D:\ELTE\MSc\felev_2\taverz_felv_elemzese_GY\Merged_Proj\1\1.vcxproj" on node 2 (Build target(s)).
     1>ClCompile:
         C:\Program Files (x86)\Microsoft Visual Studio 12.0\VC\bin\CL.exe /c /ID:\programok\opencv\build\include /ZI /nologo /W3 /WX- /sdl /Od /Oy- /D WIN32 /D _DEBUG /D _CONSOLE /D _LIB /D _UNICODE /D UNICODE /Gm /EHsc /RTC1 /MDd /GS /fp:precise /Zc:wchar_t /Zc:forScope /Fo"Debug\\" /Fd"Debug\vc120.pdb" /Gd /TP /analyze- /errorReport:prompt FDModel.cpp
         FDModel.cpp
     1>d:\elte\msc\felev_2\taverz_felv_elemzese_gy\merged_proj\1\fdmodel.h(42): warning C4244: 'initializing' : conversion from 'double' to 'const int', possible loss of data
     1>d:\elte\msc\felev_2\taverz_felv_elemzese_gy\merged_proj\1\fdmodel.cpp(57): warning C4244: 'argument' : conversion from 'int' to 'float', possible loss of data
     1>d:\elte\msc\felev_2\taverz_felv_elemzese_gy\merged_proj\1\fdmodel.cpp(64): warning C4018: '<' : signed/unsigned mismatch
     1>d:\elte\msc\felev_2\taverz_felv_elemzese_gy\merged_proj\1\fdmodel.cpp(68): warning C4018: '<' : signed/unsigned mismatch
     1>d:\elte\msc\felev_2\taverz_felv_elemzese_gy\merged_proj\1\fdmodel.cpp(105): warning C4018: '<' : signed/unsigned mismatch
     1>d:\elte\msc\felev_2\taverz_felv_elemzese_gy\merged_proj\1\fdmodel.cpp(128): warning C4244: '=' : conversion from 'int' to 'float', possible loss of data
     1>d:\elte\msc\felev_2\taverz_felv_elemzese_gy\merged_proj\1\fdmodel.cpp(138): warning C4244: '=' : conversion from 'int' to 'float', possible loss of data
     1>d:\elte\msc\felev_2\taverz_felv_elemzese_gy\merged_proj\1\fdmodel.cpp(147): warning C4018: '<' : signed/unsigned mismatch
     1>d:\elte\msc\felev_2\taverz_felv_elemzese_gy\merged_proj\1\fdmodel.cpp(152): warning C4018: '<' : signed/unsigned mismatch
     1>d:\elte\msc\felev_2\taverz_felv_elemzese_gy\merged_proj\1\fdmodel.cpp(160): warning C4018: '<' : signed/unsigned mismatch
     1>d:\elte\msc\felev_2\taverz_felv_elemzese_gy\merged_proj\1\fdmodel.cpp(197): warning C4018: '<' : signed/unsigned mismatch
     1>d:\elte\msc\felev_2\taverz_felv_elemzese_gy\merged_proj\1\fdmodel.cpp(255): warning C4018: '<' : signed/unsigned mismatch
       Link:
         C:\Program Files (x86)\Microsoft Visual Studio 12.0\VC\bin\link.exe /ERRORREPORT:PROMPT /OUT:"D:\ELTE\MSc\felev_2\taverz_felv_elemzese_GY\Merged_Proj\Debug\1.exe" /INCREMENTAL /NOLOGO /LIBPATH:D:\programok\opencv\build\x86\vc12\lib opencv_core249d.lib opencv_imgproc249d.lib opencv_highgui249d.lib opencv_ml249d.lib opencv_video249d.lib opencv_features2d249d.lib opencv_calib3d249d.lib opencv_objdetect249d.lib opencv_contrib249d.lib opencv_legacy249d.lib opencv_flann249d.lib kernel32.lib user32.lib gdi32.lib winspool.lib comdlg32.lib advapi32.lib shell32.lib ole32.lib oleaut32.lib uuid.lib odbc32.lib odbccp32.lib /MANIFEST /MANIFESTUAC:"level='asInvoker' uiAccess='false'" /manifest:embed /DEBUG /PDB:"D:\ELTE\MSc\felev_2\taverz_felv_elemzese_GY\Merged_Proj\Debug\1.pdb" /SUBSYSTEM:CONSOLE /TLBID:1 /DYNAMICBASE /NXCOMPAT /IMPLIB:"D:\ELTE\MSc\felev_2\taverz_felv_elemzese_GY\Merged_Proj\Debug\1.lib" /MACHINE:X86 Debug\FDModel.obj
         Debug\FDView.obj
         Debug\main.obj
         1.vcxproj -> D:\ELTE\MSc\felev_2\taverz_felv_elemzese_GY\Merged_Proj\Debug\1.exe
     1>Done Building Project "D:\ELTE\MSc\felev_2\taverz_felv_elemzese_GY\Merged_Proj\1\1.vcxproj" (Build target(s)).

Build succeeded.

Time Elapsed 00:00:01.33
