Build started 2015.04.09. 10:57:04.
     1>Project "C:\Users\Tilodeus\Documents\Visual Studio 2010\Projects\FloodDetectionEmpty\FloodDetectionEmpty\FloodDetectionEmpty.vcxproj" on node 2 (build target(s)).
     1>InitializeBuildStatus:
         Creating "Debug\FloodDetectionEmpty.unsuccessfulbuild" because "AlwaysCreate" was specified.
       ClCompile:
         D:\VisualStudio\VC\bin\CL.exe /c /ZI /nologo /W3 /WX- /Od /Oy- /D WIN32 /D _DEBUG /D _CONSOLE /D _UNICODE /D UNICODE /Gm /EHsc /RTC1 /MDd /GS /fp:precise /Zc:wchar_t /Zc:forScope /Fo"Debug\\" /Fd"Debug\vc100.pdb" /Gd /TP /analyze- /errorReport:prompt FDView.cpp main.cpp
         main.cpp
         FDView.cpp
         Generating Code...
       ManifestResourceCompile:
         All outputs are up-to-date.
       Link:
         D:\VisualStudio\VC\bin\link.exe /ERRORREPORT:PROMPT /OUT:"C:\Users\Tilodeus\Documents\Visual Studio 2010\Projects\FloodDetectionEmpty\Debug\FloodDetectionEmpty.exe" /INCREMENTAL /NOLOGO kernel32.lib user32.lib gdi32.lib winspool.lib comdlg32.lib advapi32.lib shell32.lib ole32.lib oleaut32.lib uuid.lib odbc32.lib odbccp32.lib /MANIFEST /ManifestFile:"Debug\FloodDetectionEmpty.exe.intermediate.manifest" /MANIFESTUAC:"level='asInvoker' uiAccess='false'" /DEBUG /PDB:"C:\Users\Tilodeus\Documents\Visual Studio 2010\Projects\FloodDetectionEmpty\Debug\FloodDetectionEmpty.pdb" /SUBSYSTEM:CONSOLE /TLBID:1 /DYNAMICBASE /NXCOMPAT /IMPLIB:"C:\Users\Tilodeus\Documents\Visual Studio 2010\Projects\FloodDetectionEmpty\Debug\FloodDetectionEmpty.lib" /MACHINE:X86 Debug\FloodDetectionEmpty.exe.embed.manifest.res
         Debug\FDView.obj
         Debug\main.obj
       Manifest:
         C:\Program Files\Microsoft SDKs\Windows\v7.0A\bin\mt.exe /nologo /verbose /out:"Debug\FloodDetectionEmpty.exe.embed.manifest" /manifest Debug\FloodDetectionEmpty.exe.intermediate.manifest
         All outputs are up-to-date.
       LinkEmbedManifest:
         All outputs are up-to-date.
         FloodDetectionEmpty.vcxproj -> C:\Users\Tilodeus\Documents\Visual Studio 2010\Projects\FloodDetectionEmpty\Debug\FloodDetectionEmpty.exe
       FinalizeBuildStatus:
         Deleting file "Debug\FloodDetectionEmpty.unsuccessfulbuild".
         Touching "Debug\FloodDetectionEmpty.lastbuildstate".
     1>Done Building Project "C:\Users\Tilodeus\Documents\Visual Studio 2010\Projects\FloodDetectionEmpty\FloodDetectionEmpty\FloodDetectionEmpty.vcxproj" (build target(s)).

Build succeeded.

Time Elapsed 00:00:03.59
